mode: set
evoting/errorHandlers/error_handler.go:10.51,12.20 2 0
evoting/errorHandlers/error_handler.go:13.24,14.37 1 0
evoting/errorHandlers/error_handler.go:15.28,16.46 1 0
evoting/errorHandlers/error_handler.go:17.22,18.35 1 0
evoting/errorHandlers/error_handler.go:19.26,20.39 1 0
evoting/errorHandlers/error_handler.go:21.23,22.36 1 0
evoting/errorHandlers/error_handler.go:23.10,24.46 1 0
evoting/errorHandlers/error_handler.go:27.2,32.37 2 0
evoting/errorHandlers/types.go:22.44,24.2 1 0
evoting/errorHandlers/types.go:26.48,28.2 1 0
evoting/errorHandlers/types.go:30.42,32.2 1 0
evoting/errorHandlers/types.go:34.46,36.2 1 0
evoting/errorHandlers/types.go:37.43,39.2 1 0
evoting/main.go:12.13,22.2 8 0
evoting/drivers/mysql/seeders/user_seed.go:12.43,14.26 2 0
evoting/drivers/mysql/seeders/user_seed.go:14.26,16.3 1 0
evoting/drivers/mysql/seeders/user_seed.go:17.2,17.16 1 0
evoting/drivers/mysql/seeders/user_seed.go:20.32,22.33 2 0
evoting/drivers/mysql/seeders/user_seed.go:22.33,23.55 1 0
evoting/drivers/mysql/seeders/user_seed.go:23.55,25.4 1 0
evoting/drivers/mysql/seeders/user_seed.go:27.2,27.12 1 0
evoting/config/config.go:19.19,24.45 4 0
evoting/config/config.go:24.45,26.3 1 0
evoting/config/config.go:28.2,28.46 1 0
evoting/config/config.go:28.46,30.3 1 0
evoting/config/database.go:13.15,20.16 3 0
evoting/config/database.go:20.16,22.3 1 0
evoting/config/database.go:23.2,36.9 2 0
evoting/middlewares/admin_middleware.go:11.66,12.36 1 0
evoting/middlewares/admin_middleware.go:12.36,14.23 2 0
evoting/middlewares/admin_middleware.go:14.23,16.4 1 0
evoting/middlewares/admin_middleware.go:18.3,18.48 1 0
evoting/middlewares/admin_middleware.go:18.48,20.4 1 0
evoting/middlewares/admin_middleware.go:21.3,24.17 3 0
evoting/middlewares/admin_middleware.go:24.17,26.4 1 0
evoting/middlewares/admin_middleware.go:27.3,29.15 3 0
evoting/middlewares/admin_middleware.go:29.15,31.4 1 0
evoting/middlewares/admin_middleware.go:33.3,33.17 1 0
evoting/middlewares/auth_middleware.go:10.60,11.36 1 0
evoting/middlewares/auth_middleware.go:11.36,13.23 2 0
evoting/middlewares/auth_middleware.go:13.23,15.4 1 0
evoting/middlewares/auth_middleware.go:17.3,17.48 1 0
evoting/middlewares/auth_middleware.go:17.48,19.4 1 0
evoting/middlewares/auth_middleware.go:20.3,24.17 4 0
evoting/middlewares/auth_middleware.go:24.17,26.4 1 0
evoting/middlewares/auth_middleware.go:28.3,29.17 2 0
evoting/middlewares/log_middleware.go:8.34,12.2 1 0
evoting/helpers/image.go:14.41,21.16 6 0
evoting/helpers/image.go:21.16,23.3 1 0
evoting/helpers/image.go:24.2,28.16 3 0
evoting/helpers/image.go:28.16,30.3 1 0
evoting/helpers/image.go:32.2,32.12 1 0
evoting/helpers/image.go:36.77,39.16 3 0
evoting/helpers/image.go:39.16,41.3 1 0
evoting/helpers/image.go:43.2,44.26 2 0
evoting/helpers/image.go:45.28,47.17 2 0
evoting/helpers/image.go:47.17,49.4 1 0
evoting/helpers/image.go:50.3,59.17 3 0
evoting/helpers/image.go:59.17,61.4 1 0
evoting/helpers/image.go:62.10,70.17 2 0
evoting/helpers/image.go:70.17,72.4 1 0
evoting/helpers/image.go:75.2,75.36 1 0
evoting/helpers/password.go:5.51,8.2 2 0
evoting/helpers/password.go:10.61,13.2 2 0
evoting/helpers/place.go:30.13,32.2 1 0
evoting/helpers/place.go:34.105,41.16 6 0
evoting/helpers/place.go:41.16,43.3 1 0
evoting/helpers/place.go:44.2,47.69 3 0
evoting/helpers/place.go:47.69,49.3 1 0
evoting/helpers/place.go:51.2,64.55 2 0
evoting/helpers/place.go:64.55,65.65 1 0
evoting/helpers/place.go:65.65,67.9 2 0
evoting/helpers/place.go:71.2,71.16 1 0
evoting/helpers/place.go:71.16,72.84 1 0
evoting/helpers/place.go:72.84,74.4 1 0
evoting/helpers/place.go:74.9,76.4 1 0
evoting/helpers/place.go:79.2,89.28 3 0
evoting/helpers/place.go:92.60,100.16 7 0
evoting/helpers/place.go:100.16,102.3 1 0
evoting/helpers/place.go:103.2,105.16 3 0
evoting/helpers/place.go:105.16,107.3 1 0
evoting/helpers/place.go:108.2,108.14 1 0
evoting/helpers/response.go:38.45,41.55 3 0
evoting/helpers/response.go:41.55,43.3 1 0
evoting/helpers/response.go:43.8,45.3 1 0
evoting/helpers/response.go:47.2,47.23 1 0
evoting/helpers/response.go:47.23,48.31 1 0
evoting/helpers/response.go:48.31,66.4 1 0
evoting/helpers/response.go:66.9,73.4 1 0
evoting/helpers/response.go:74.8,80.3 1 0
evoting/helpers/response.go:81.2,81.17 1 0
evoting/helpers/token.go:19.13,21.2 1 0
evoting/helpers/token.go:23.60,27.21 3 0
evoting/helpers/token.go:28.22,29.18 1 0
evoting/helpers/token.go:30.23,31.17 1 0
evoting/helpers/token.go:32.10,33.45 1 0
evoting/helpers/token.go:36.2,39.26 3 0
evoting/helpers/token.go:40.22,42.22 2 0
evoting/helpers/token.go:43.23,45.22 2 0
evoting/helpers/token.go:46.10,47.45 1 0
evoting/helpers/token.go:50.2,63.16 4 0
evoting/helpers/token.go:63.16,65.3 1 0
evoting/helpers/token.go:66.2,66.26 1 0
evoting/helpers/token.go:69.61,73.21 3 0
evoting/helpers/token.go:74.22,75.18 1 0
evoting/helpers/token.go:76.23,77.17 1 0
evoting/helpers/token.go:78.10,79.45 1 0
evoting/helpers/token.go:82.2,85.26 3 0
evoting/helpers/token.go:86.22,88.22 2 0
evoting/helpers/token.go:89.23,91.22 2 0
evoting/helpers/token.go:92.10,93.45 1 0
evoting/helpers/token.go:96.2,109.16 4 0
evoting/helpers/token.go:109.16,111.3 1 0
evoting/helpers/token.go:112.2,112.26 1 0
evoting/helpers/token.go:115.52,117.104 2 0
evoting/helpers/token.go:117.104,119.3 1 0
evoting/helpers/token.go:121.2,121.32 1 0
evoting/helpers/token.go:121.32,122.37 1 0
evoting/helpers/token.go:122.37,124.4 1 0
evoting/helpers/token.go:125.3,125.50 1 0
evoting/helpers/token.go:128.2,129.19 2 0
evoting/helpers/token.go:129.19,131.3 1 0
evoting/helpers/token.go:133.2,133.20 1 0
evoting/helpers/validation.go:15.59,16.26 1 0
evoting/helpers/validation.go:17.18,18.65 1 0
evoting/helpers/validation.go:19.16,20.70 1 0
evoting/helpers/validation.go:21.20,23.92 1 0
evoting/helpers/validation.go:24.13,25.95 1 0
evoting/helpers/validation.go:26.13,27.92 1 0
evoting/helpers/validation.go:28.13,29.96 1 0
evoting/helpers/validation.go:30.15,31.76 1 0
evoting/helpers/validation.go:32.21,33.71 1 0
evoting/helpers/validation.go:36.2,36.27 1 0
evoting/helpers/validation.go:38.62,46.16 3 0
evoting/helpers/validation.go:46.16,48.3 1 0
evoting/helpers/validation.go:49.2,53.16 4 0
evoting/helpers/validation.go:53.16,55.3 1 0
evoting/helpers/validation.go:57.2,58.42 2 0
evoting/helpers/validation.go:58.42,60.3 1 0
evoting/helpers/validation.go:62.2,62.13 1 0
evoting/helpers/validation.go:65.62,69.31 4 0
evoting/helpers/validation.go:69.31,71.3 1 0
evoting/helpers/validation.go:72.2,72.13 1 0
evoting/helpers/validation.go:75.51,78.45 2 0
evoting/helpers/validation.go:78.45,81.33 3 0
evoting/helpers/validation.go:81.33,83.4 1 0
evoting/helpers/validation.go:84.3,84.16 1 0
evoting/helpers/validation.go:86.2,86.12 1 0
evoting/helpers/weather.go:25.86,32.16 5 0
evoting/helpers/weather.go:32.16,34.3 1 0
evoting/helpers/weather.go:35.2,38.69 3 0
evoting/helpers/weather.go:38.69,40.3 1 0
evoting/helpers/weather.go:41.2,50.25 3 0
evoting/drivers/mocks/admin_mock.go:12.82,14.24 2 0
evoting/drivers/mocks/admin_mock.go:14.24,16.3 1 0
evoting/drivers/mocks/admin_mock.go:17.2,17.43 1 0
evoting/drivers/mocks/admin_mock.go:20.77,22.24 2 0
evoting/drivers/mocks/admin_mock.go:22.24,24.3 1 0
evoting/drivers/mocks/admin_mock.go:25.2,25.22 1 0
evoting/drivers/mocks/admin_mock.go:28.92,30.24 2 0
evoting/drivers/mocks/admin_mock.go:30.24,32.3 1 0
evoting/drivers/mocks/admin_mock.go:33.2,33.43 1 0
evoting/drivers/mocks/auth_mock.go:13.80,15.24 2 0
evoting/drivers/mocks/auth_mock.go:15.24,17.3 1 0
evoting/drivers/mocks/auth_mock.go:18.2,18.42 1 0
evoting/drivers/mocks/auth_mock.go:21.77,23.24 2 0
evoting/drivers/mocks/auth_mock.go:23.24,25.3 1 0
evoting/drivers/mocks/auth_mock.go:26.2,26.42 1 0
evoting/drivers/mocks/auth_mock.go:30.127,32.24 2 0
evoting/drivers/mocks/auth_mock.go:32.24,34.3 1 0
evoting/drivers/mocks/auth_mock.go:35.2,35.66 1 0
evoting/drivers/mocks/auth_mock.go:39.82,41.24 2 0
evoting/drivers/mocks/auth_mock.go:41.24,43.3 1 0
evoting/drivers/mocks/auth_mock.go:44.2,44.42 1 0
evoting/drivers/mocks/auth_mock.go:48.74,50.24 2 0
evoting/drivers/mocks/auth_mock.go:50.24,52.3 1 0
evoting/drivers/mocks/auth_mock.go:53.2,53.22 1 0
evoting/drivers/mocks/auth_mock.go:57.82,59.24 2 0
evoting/drivers/mocks/auth_mock.go:59.24,61.3 1 0
evoting/drivers/mocks/auth_mock.go:62.2,62.42 1 0
evoting/drivers/mocks/auth_mock.go:66.64,68.24 2 0
evoting/drivers/mocks/auth_mock.go:68.24,70.3 1 0
evoting/drivers/mocks/auth_mock.go:71.2,71.22 1 0
evoting/drivers/mocks/auth_mock.go:75.90,77.24 2 0
evoting/drivers/mocks/auth_mock.go:77.24,79.3 1 0
evoting/drivers/mocks/auth_mock.go:80.2,80.42 1 0
evoting/drivers/mocks/comment_mock.go:14.82,16.24 2 0
evoting/drivers/mocks/comment_mock.go:16.24,18.3 1 0
evoting/drivers/mocks/comment_mock.go:19.2,19.45 1 0
evoting/drivers/mocks/comment_mock.go:22.89,24.24 2 0
evoting/drivers/mocks/comment_mock.go:24.24,26.3 1 0
evoting/drivers/mocks/comment_mock.go:27.2,27.46 1 0
evoting/drivers/mocks/comment_mock.go:30.88,32.24 2 0
evoting/drivers/mocks/comment_mock.go:32.24,34.3 1 0
evoting/drivers/mocks/comment_mock.go:35.2,35.46 1 0
evoting/drivers/mocks/comment_mock.go:38.93,40.24 2 0
evoting/drivers/mocks/comment_mock.go:40.24,42.3 1 0
evoting/drivers/mocks/comment_mock.go:43.2,43.45 1 0
evoting/drivers/mocks/comment_mock.go:46.93,48.24 2 0
evoting/drivers/mocks/comment_mock.go:48.24,50.3 1 0
evoting/drivers/mocks/comment_mock.go:51.2,51.45 1 0
evoting/drivers/mocks/comment_mock.go:54.72,56.24 2 0
evoting/drivers/mocks/comment_mock.go:56.24,58.3 1 0
evoting/drivers/mocks/comment_mock.go:59.2,59.22 1 0
evoting/drivers/mocks/place_address_mock.go:13.92,15.24 2 0
evoting/drivers/mocks/place_address_mock.go:15.24,17.3 1 0
evoting/drivers/mocks/place_address_mock.go:18.2,18.50 1 0
evoting/drivers/mocks/place_address_mock.go:21.108,23.24 2 0
evoting/drivers/mocks/place_address_mock.go:23.24,25.3 1 0
evoting/drivers/mocks/place_address_mock.go:26.2,26.50 1 0
evoting/drivers/mocks/place_address_mock.go:29.108,31.24 2 0
evoting/drivers/mocks/place_address_mock.go:31.24,33.3 1 0
evoting/drivers/mocks/place_address_mock.go:34.2,34.50 1 0
evoting/drivers/mocks/place_address_mock.go:37.82,39.24 2 0
evoting/drivers/mocks/place_address_mock.go:39.24,41.3 1 0
evoting/drivers/mocks/place_address_mock.go:42.2,42.22 1 0
evoting/dto/admin_dto.go:17.74,23.2 1 0
evoting/dto/comment_dto.go:42.74,49.2 1 0
evoting/dto/place_address_dto.go:35.83,44.2 1 0
evoting/dto/place_dto.go:37.92,53.2 1 0
evoting/dto/place_dto.go:55.64,78.2 1 0
evoting/dto/place_dto.go:80.81,82.32 2 0
evoting/dto/place_dto.go:82.32,107.3 2 0
evoting/dto/place_dto.go:108.2,108.19 1 0
evoting/dto/user_address_dto.go:34.86,43.2 1 0
evoting/dto/user_dto.go:56.60,62.2 1 0
evoting/dto/user_dto.go:64.58,70.2 1 0
evoting/dto/user_dto.go:71.67,73.30 2 0
evoting/dto/user_dto.go:73.30,88.3 2 0
evoting/dto/user_dto.go:89.2,89.19 1 0
evoting/dto/user_dto.go:92.59,106.2 1 0
evoting/dto/vote_dto.go:34.56,39.2 1 0
evoting/dto/weather_data_dto.go:35.100,51.2 1 0
evoting/repositories/admin_repo.go:18.55,20.2 1 0
evoting/repositories/admin_repo.go:22.78,24.75 2 0
evoting/repositories/admin_repo.go:24.75,26.3 1 0
evoting/repositories/admin_repo.go:27.2,27.19 1 0
evoting/repositories/admin_repo.go:30.73,33.2 2 0
evoting/repositories/admin_repo.go:35.88,39.2 3 0
evoting/repositories/comment_repo.go:23.59,25.2 1 0
evoting/repositories/comment_repo.go:27.79,29.71 2 0
evoting/repositories/comment_repo.go:29.71,31.3 1 0
evoting/repositories/comment_repo.go:32.2,32.22 1 0
evoting/repositories/comment_repo.go:35.86,43.21 2 0
evoting/repositories/comment_repo.go:43.21,45.3 1 0
evoting/repositories/comment_repo.go:46.2,46.26 1 0
evoting/repositories/comment_repo.go:49.85,57.21 2 0
evoting/repositories/comment_repo.go:57.21,59.3 1 0
evoting/repositories/comment_repo.go:60.2,60.23 1 0
evoting/repositories/comment_repo.go:63.90,64.52 1 0
evoting/repositories/comment_repo.go:64.52,66.3 1 0
evoting/repositories/comment_repo.go:67.2,67.21 1 0
evoting/repositories/comment_repo.go:70.90,71.50 1 0
evoting/repositories/comment_repo.go:71.50,73.3 1 0
evoting/repositories/comment_repo.go:74.2,74.21 1 0
evoting/repositories/comment_repo.go:77.69,78.52 1 0
evoting/repositories/comment_repo.go:78.52,80.3 1 0
evoting/repositories/comment_repo.go:81.2,81.12 1 0
evoting/repositories/place_address_repo.go:20.69,22.2 1 0
evoting/repositories/place_address_repo.go:24.89,26.71 2 0
evoting/repositories/place_address_repo.go:26.71,28.3 1 0
evoting/repositories/place_address_repo.go:29.2,29.22 1 0
evoting/repositories/place_address_repo.go:32.105,33.52 1 0
evoting/repositories/place_address_repo.go:33.52,35.3 1 0
evoting/repositories/place_address_repo.go:36.2,36.21 1 0
evoting/repositories/place_address_repo.go:39.105,40.50 1 0
evoting/repositories/place_address_repo.go:40.50,42.3 1 0
evoting/repositories/place_address_repo.go:43.2,43.21 1 0
evoting/repositories/place_address_repo.go:46.79,47.63 1 0
evoting/repositories/place_address_repo.go:47.63,49.3 1 0
evoting/repositories/place_address_repo.go:50.2,50.12 1 0
evoting/repositories/place_repo.go:27.55,29.2 1 0
evoting/repositories/place_repo.go:31.82,32.50 1 0
evoting/repositories/place_repo.go:32.50,34.3 1 0
evoting/repositories/place_repo.go:35.2,35.19 1 0
evoting/repositories/place_repo.go:38.110,39.57 1 0
evoting/repositories/place_repo.go:39.57,41.3 1 0
evoting/repositories/place_repo.go:42.2,42.26 1 0
evoting/repositories/place_repo.go:45.125,50.18 5 0
evoting/repositories/place_repo.go:50.18,52.3 1 0
evoting/repositories/place_repo.go:53.2,53.23 1 0
evoting/repositories/place_repo.go:53.23,55.3 1 0
evoting/repositories/place_repo.go:57.2,60.21 1 0
evoting/repositories/place_repo.go:60.21,62.3 1 0
evoting/repositories/place_repo.go:63.2,63.47 1 0
evoting/repositories/place_repo.go:63.47,65.3 1 0
evoting/repositories/place_repo.go:66.2,66.29 1 0
evoting/repositories/place_repo.go:69.76,71.73 2 0
evoting/repositories/place_repo.go:71.73,73.3 1 0
evoting/repositories/place_repo.go:74.2,74.19 1 0
evoting/repositories/place_repo.go:77.63,78.61 1 0
evoting/repositories/place_repo.go:78.61,80.3 1 0
evoting/repositories/place_repo.go:81.2,81.12 1 0
evoting/repositories/place_repo.go:84.75,87.35 2 0
evoting/repositories/place_repo.go:87.35,89.3 1 0
evoting/repositories/place_repo.go:90.2,90.20 1 0
evoting/repositories/place_repo.go:93.85,95.82 2 0
evoting/repositories/place_repo.go:95.82,97.3 1 0
evoting/repositories/place_repo.go:98.2,98.27 1 0
evoting/repositories/place_repo.go:101.82,102.48 1 0
evoting/repositories/place_repo.go:102.48,104.3 1 0
evoting/repositories/place_repo.go:105.2,105.19 1 0
evoting/repositories/place_repo.go:108.110,109.55 1 0
evoting/repositories/place_repo.go:109.55,111.3 1 0
evoting/repositories/place_repo.go:112.2,112.26 1 0
evoting/repositories/user_address_repo.go:21.57,23.2 1 0
evoting/repositories/user_address_repo.go:25.75,27.87 2 0
evoting/repositories/user_address_repo.go:27.87,29.3 1 0
evoting/repositories/user_address_repo.go:30.2,30.19 1 0
evoting/repositories/user_address_repo.go:33.92,34.52 1 0
evoting/repositories/user_address_repo.go:34.52,36.3 1 0
evoting/repositories/user_address_repo.go:37.2,37.21 1 0
evoting/repositories/user_address_repo.go:40.81,42.76 2 0
evoting/repositories/user_address_repo.go:42.76,44.3 1 0
evoting/repositories/user_address_repo.go:45.2,45.21 1 0
evoting/repositories/user_address_repo.go:48.92,49.50 1 0
evoting/repositories/user_address_repo.go:49.50,51.3 1 0
evoting/repositories/user_address_repo.go:52.2,52.21 1 0
evoting/repositories/user_address_repo.go:55.67,56.63 1 0
evoting/repositories/user_address_repo.go:56.63,58.3 1 0
evoting/repositories/user_address_repo.go:59.2,59.12 1 0
evoting/repositories/user_repo.go:26.53,28.2 1 0
evoting/repositories/user_repo.go:30.76,32.74 2 0
evoting/repositories/user_repo.go:32.74,34.3 1 0
evoting/repositories/user_repo.go:35.2,35.18 1 0
evoting/repositories/user_repo.go:38.73,40.87 2 0
evoting/repositories/user_repo.go:40.87,42.3 1 0
evoting/repositories/user_repo.go:43.2,43.19 1 0
evoting/repositories/user_repo.go:46.123,51.18 5 0
evoting/repositories/user_repo.go:51.18,53.3 1 0
evoting/repositories/user_repo.go:54.2,54.23 1 0
evoting/repositories/user_repo.go:54.23,56.3 1 0
evoting/repositories/user_repo.go:58.2,61.21 1 0
evoting/repositories/user_repo.go:61.21,63.3 1 0
evoting/repositories/user_repo.go:64.2,64.47 1 0
evoting/repositories/user_repo.go:64.47,66.3 1 0
evoting/repositories/user_repo.go:67.2,67.27 1 0
evoting/repositories/user_repo.go:70.78,72.49 1 0
evoting/repositories/user_repo.go:72.49,74.3 1 0
evoting/repositories/user_repo.go:75.2,75.18 1 0
evoting/repositories/user_repo.go:78.70,81.2 2 0
evoting/repositories/user_repo.go:83.78,84.47 1 0
evoting/repositories/user_repo.go:84.47,86.3 1 0
evoting/repositories/user_repo.go:87.2,87.18 1 0
evoting/repositories/user_repo.go:91.60,92.49 1 0
evoting/repositories/user_repo.go:92.49,94.3 1 0
evoting/repositories/user_repo.go:95.2,95.12 1 0
evoting/repositories/user_repo.go:98.86,102.2 3 0
evoting/repositories/vote_repo.go:22.53,24.2 1 0
evoting/repositories/vote_repo.go:26.77,28.73 2 0
evoting/repositories/vote_repo.go:28.73,30.3 1 0
evoting/repositories/vote_repo.go:31.2,31.19 1 0
evoting/repositories/vote_repo.go:34.81,43.16 3 0
evoting/repositories/vote_repo.go:43.16,45.3 1 0
evoting/repositories/vote_repo.go:46.2,46.19 1 0
evoting/repositories/vote_repo.go:49.62,52.16 3 0
evoting/repositories/vote_repo.go:52.16,54.3 1 0
evoting/repositories/vote_repo.go:55.2,55.24 1 0
evoting/repositories/vote_repo.go:58.55,61.16 3 0
evoting/repositories/vote_repo.go:61.16,63.3 1 0
evoting/repositories/vote_repo.go:64.2,64.24 1 0
evoting/repositories/vote_repo.go:67.78,68.49 1 0
evoting/repositories/vote_repo.go:68.49,70.3 1 0
evoting/repositories/vote_repo.go:71.2,71.18 1 0
evoting/repositories/weather_data_repo.go:21.67,23.2 1 0
evoting/repositories/weather_data_repo.go:25.87,27.74 2 0
evoting/repositories/weather_data_repo.go:27.74,29.3 1 0
evoting/repositories/weather_data_repo.go:30.2,30.20 1 0
evoting/repositories/weather_data_repo.go:33.97,35.82 2 0
evoting/repositories/weather_data_repo.go:35.82,37.3 1 0
evoting/repositories/weather_data_repo.go:38.2,38.22 1 0
evoting/repositories/weather_data_repo.go:41.99,42.49 1 0
evoting/repositories/weather_data_repo.go:42.49,44.3 1 0
evoting/repositories/weather_data_repo.go:45.2,45.18 1 0
evoting/repositories/weather_data_repo.go:48.99,49.47 1 0
evoting/repositories/weather_data_repo.go:49.47,51.3 1 0
evoting/repositories/weather_data_repo.go:52.2,52.18 1 0
evoting/repositories/weather_data_repo.go:55.74,56.60 1 0
evoting/repositories/weather_data_repo.go:56.60,58.3 1 0
evoting/repositories/weather_data_repo.go:59.2,59.12 1 0
evoting/drivers/mysql/fakers/user_faker.go:12.44,25.2 1 0
evoting/handlers/admin_handler.go:16.61,18.2 1 0
evoting/handlers/admin_handler.go:20.54,22.41 2 0
evoting/handlers/admin_handler.go:22.41,24.3 1 0
evoting/handlers/admin_handler.go:25.2,25.55 1 0
evoting/handlers/admin_handler.go:25.55,32.3 1 0
evoting/handlers/admin_handler.go:34.2,35.16 2 0
evoting/handlers/admin_handler.go:35.16,37.3 1 0
evoting/handlers/admin_handler.go:38.2,54.42 4 0
evoting/handlers/admin_handler.go:57.55,59.16 2 0
evoting/handlers/admin_handler.go:59.16,61.3 1 0
evoting/handlers/admin_handler.go:62.2,62.55 1 0
evoting/handlers/admin_handler.go:62.55,64.3 1 0
evoting/handlers/admin_handler.go:65.2,78.42 3 0
evoting/handlers/chatbot_handler.go:15.43,17.4 1 0
evoting/handlers/chatbot_handler.go:26.102,28.2 1 0
evoting/handlers/chatbot_handler.go:30.64,32.16 2 0
evoting/handlers/chatbot_handler.go:32.16,35.3 2 0
evoting/handlers/chatbot_handler.go:36.2,39.16 3 0
evoting/handlers/chatbot_handler.go:39.16,42.3 2 0
evoting/handlers/chatbot_handler.go:44.2,45.6 2 0
evoting/handlers/chatbot_handler.go:45.6,47.17 2 0
evoting/handlers/chatbot_handler.go:47.17,49.9 2 0
evoting/handlers/chatbot_handler.go:52.3,56.17 4 0
evoting/handlers/chatbot_handler.go:56.17,58.9 2 0
evoting/handlers/chatbot_handler.go:61.3,61.88 1 0
evoting/handlers/chatbot_handler.go:61.88,63.9 2 0
evoting/handlers/chatbot_handler.go:67.2,67.12 1 0
evoting/handlers/comment_handler.go:17.73,19.2 1 0
evoting/handlers/comment_handler.go:21.64,23.43 2 0
evoting/handlers/comment_handler.go:23.43,25.3 1 0
evoting/handlers/comment_handler.go:26.2,28.16 3 0
evoting/handlers/comment_handler.go:28.16,30.3 1 0
evoting/handlers/comment_handler.go:31.2,31.57 1 0
evoting/handlers/comment_handler.go:31.57,38.3 1 0
evoting/handlers/comment_handler.go:39.2,42.16 4 0
evoting/handlers/comment_handler.go:42.16,44.3 1 0
evoting/handlers/comment_handler.go:45.2,52.47 3 0
evoting/handlers/comment_handler.go:55.72,58.16 3 0
evoting/handlers/comment_handler.go:58.16,60.3 1 0
evoting/handlers/comment_handler.go:61.2,78.42 4 0
evoting/handlers/comment_handler.go:81.64,83.43 2 0
evoting/handlers/comment_handler.go:83.43,85.3 1 0
evoting/handlers/comment_handler.go:86.2,94.16 7 0
evoting/handlers/comment_handler.go:94.16,96.3 1 0
evoting/handlers/comment_handler.go:97.2,98.16 2 0
evoting/handlers/comment_handler.go:98.16,100.3 1 0
evoting/handlers/comment_handler.go:101.2,108.42 3 0
evoting/handlers/comment_handler.go:111.64,120.16 7 0
evoting/handlers/comment_handler.go:120.16,122.3 1 0
evoting/handlers/comment_handler.go:123.2,123.70 1 0
evoting/handlers/comment_handler.go:123.70,125.3 1 0
evoting/handlers/comment_handler.go:126.2,130.42 2 0
evoting/handlers/place_address_handler.go:17.88,19.2 1 0
evoting/handlers/place_address_handler.go:21.69,23.43 2 0
evoting/handlers/place_address_handler.go:23.43,25.3 1 0
evoting/handlers/place_address_handler.go:26.2,29.57 3 0
evoting/handlers/place_address_handler.go:29.57,36.3 1 0
evoting/handlers/place_address_handler.go:38.2,39.16 2 0
evoting/handlers/place_address_handler.go:39.16,41.3 1 0
evoting/handlers/place_address_handler.go:42.2,48.47 3 0
evoting/handlers/place_address_handler.go:52.69,54.43 2 0
evoting/handlers/place_address_handler.go:54.43,56.3 1 0
evoting/handlers/place_address_handler.go:57.2,62.16 5 0
evoting/handlers/place_address_handler.go:62.16,64.3 1 0
evoting/handlers/place_address_handler.go:66.2,66.57 1 0
evoting/handlers/place_address_handler.go:66.57,73.3 1 0
evoting/handlers/place_address_handler.go:75.2,76.16 2 0
evoting/handlers/place_address_handler.go:76.16,78.3 1 0
evoting/handlers/place_address_handler.go:79.2,85.42 3 0
evoting/handlers/place_address_handler.go:89.69,91.43 2 0
evoting/handlers/place_address_handler.go:91.43,93.3 1 0
evoting/handlers/place_address_handler.go:94.2,96.16 3 0
evoting/handlers/place_address_handler.go:96.16,98.3 1 0
evoting/handlers/place_address_handler.go:99.2,101.16 3 0
evoting/handlers/place_address_handler.go:101.16,103.3 1 0
evoting/handlers/place_address_handler.go:104.2,104.61 1 0
evoting/handlers/place_address_handler.go:104.61,106.3 1 0
evoting/handlers/place_address_handler.go:108.2,112.42 2 0
evoting/handlers/place_handler.go:19.62,21.2 1 0
evoting/handlers/place_handler.go:23.62,25.15 2 0
evoting/handlers/place_handler.go:25.15,27.3 1 0
evoting/handlers/place_handler.go:28.2,29.16 2 0
evoting/handlers/place_handler.go:29.16,31.3 1 0
evoting/handlers/place_handler.go:32.2,34.18 3 0
evoting/handlers/place_handler.go:34.18,37.3 2 0
evoting/handlers/place_handler.go:38.2,38.20 1 0
evoting/handlers/place_handler.go:38.20,40.3 1 0
evoting/handlers/place_handler.go:42.2,43.23 2 0
evoting/handlers/place_handler.go:43.23,45.3 1 0
evoting/handlers/place_handler.go:47.2,48.16 2 0
evoting/handlers/place_handler.go:48.16,50.3 1 0
evoting/handlers/place_handler.go:51.2,53.21 3 0
evoting/handlers/place_handler.go:53.21,55.3 1 0
evoting/handlers/place_handler.go:57.2,70.42 3 0
evoting/handlers/place_handler.go:73.62,76.16 3 0
evoting/handlers/place_handler.go:76.16,78.3 1 0
evoting/handlers/place_handler.go:79.2,80.16 2 0
evoting/handlers/place_handler.go:80.16,82.3 1 0
evoting/handlers/place_handler.go:84.2,90.42 3 0
evoting/handlers/place_handler.go:93.60,95.43 2 0
evoting/handlers/place_handler.go:95.43,97.3 1 0
evoting/handlers/place_handler.go:98.2,98.57 1 0
evoting/handlers/place_handler.go:98.57,105.3 1 0
evoting/handlers/place_handler.go:106.2,109.16 4 0
evoting/handlers/place_handler.go:109.16,111.3 1 0
evoting/handlers/place_handler.go:112.2,113.16 2 0
evoting/handlers/place_handler.go:113.16,115.3 1 0
evoting/handlers/place_handler.go:116.2,119.16 3 0
evoting/handlers/place_handler.go:119.16,121.3 1 0
evoting/handlers/place_handler.go:123.2,129.47 3 0
evoting/handlers/place_handler.go:132.55,135.16 3 0
evoting/handlers/place_handler.go:135.16,137.3 1 0
evoting/handlers/place_handler.go:139.2,139.50 1 0
evoting/handlers/place_handler.go:139.50,141.3 1 0
evoting/handlers/place_handler.go:143.2,149.42 2 0
evoting/handlers/place_handler.go:152.60,155.16 3 0
evoting/handlers/place_handler.go:155.16,157.3 1 0
evoting/handlers/place_handler.go:158.2,159.43 2 0
evoting/handlers/place_handler.go:159.43,161.3 1 0
evoting/handlers/place_handler.go:162.2,162.57 1 0
evoting/handlers/place_handler.go:162.57,169.3 1 0
evoting/handlers/place_handler.go:170.2,173.16 4 0
evoting/handlers/place_handler.go:173.16,175.3 1 0
evoting/handlers/place_handler.go:177.2,178.16 2 0
evoting/handlers/place_handler.go:178.16,180.3 1 0
evoting/handlers/place_handler.go:181.2,184.16 3 0
evoting/handlers/place_handler.go:184.16,186.3 1 0
evoting/handlers/place_handler.go:188.2,194.42 3 0
evoting/handlers/user_address_handler.go:17.92,19.2 1 0
evoting/handlers/user_address_handler.go:21.61,23.43 2 0
evoting/handlers/user_address_handler.go:23.43,25.3 1 0
evoting/handlers/user_address_handler.go:26.2,26.57 1 0
evoting/handlers/user_address_handler.go:26.57,33.3 1 0
evoting/handlers/user_address_handler.go:35.2,39.16 5 0
evoting/handlers/user_address_handler.go:39.16,41.3 1 0
evoting/handlers/user_address_handler.go:42.2,48.47 3 0
evoting/handlers/user_address_handler.go:51.61,53.43 2 0
evoting/handlers/user_address_handler.go:53.43,55.3 1 0
evoting/handlers/user_address_handler.go:56.2,56.57 1 0
evoting/handlers/user_address_handler.go:56.57,63.3 1 0
evoting/handlers/user_address_handler.go:65.2,69.16 5 0
evoting/handlers/user_address_handler.go:69.16,71.3 1 0
evoting/handlers/user_address_handler.go:72.2,78.42 3 0
evoting/handlers/user_address_handler.go:81.61,85.16 4 0
evoting/handlers/user_address_handler.go:85.16,87.3 1 0
evoting/handlers/user_address_handler.go:88.2,92.42 2 0
evoting/handlers/user_address_handler.go:95.68,99.16 4 0
evoting/handlers/user_address_handler.go:99.16,101.3 1 0
evoting/handlers/user_address_handler.go:103.2,109.42 3 0
evoting/handlers/user_handler.go:19.59,21.2 1 0
evoting/handlers/user_handler.go:23.54,25.40 2 0
evoting/handlers/user_handler.go:25.40,27.3 1 0
evoting/handlers/user_handler.go:28.2,28.54 1 0
evoting/handlers/user_handler.go:28.54,35.3 1 0
evoting/handlers/user_handler.go:36.2,37.16 2 0
evoting/handlers/user_handler.go:37.16,39.3 1 0
evoting/handlers/user_handler.go:40.2,48.47 3 0
evoting/handlers/user_handler.go:51.53,53.40 2 0
evoting/handlers/user_handler.go:53.40,55.3 1 0
evoting/handlers/user_handler.go:56.2,56.54 1 0
evoting/handlers/user_handler.go:56.54,63.3 1 0
evoting/handlers/user_handler.go:65.2,66.16 2 0
evoting/handlers/user_handler.go:66.16,68.3 1 0
evoting/handlers/user_handler.go:69.2,85.42 4 0
evoting/handlers/user_handler.go:88.60,91.16 3 0
evoting/handlers/user_handler.go:91.16,93.3 1 0
evoting/handlers/user_handler.go:94.2,95.16 2 0
evoting/handlers/user_handler.go:95.16,97.3 1 0
evoting/handlers/user_handler.go:99.2,105.42 3 0
evoting/handlers/user_handler.go:108.60,110.15 2 0
evoting/handlers/user_handler.go:110.15,112.3 1 0
evoting/handlers/user_handler.go:113.2,114.16 2 0
evoting/handlers/user_handler.go:114.16,116.3 1 0
evoting/handlers/user_handler.go:117.2,119.18 3 0
evoting/handlers/user_handler.go:119.18,122.3 2 0
evoting/handlers/user_handler.go:123.2,123.20 1 0
evoting/handlers/user_handler.go:123.20,125.3 1 0
evoting/handlers/user_handler.go:126.2,127.23 2 0
evoting/handlers/user_handler.go:127.23,129.3 1 0
evoting/handlers/user_handler.go:131.2,132.16 2 0
evoting/handlers/user_handler.go:132.16,134.3 1 0
evoting/handlers/user_handler.go:135.2,137.21 3 0
evoting/handlers/user_handler.go:137.21,139.3 1 0
evoting/handlers/user_handler.go:140.2,153.42 3 0
evoting/handlers/user_handler.go:156.58,159.16 3 0
evoting/handlers/user_handler.go:159.16,161.3 1 0
evoting/handlers/user_handler.go:162.2,170.54 3 0
evoting/handlers/user_handler.go:170.54,177.3 1 0
evoting/handlers/user_handler.go:179.2,180.16 2 0
evoting/handlers/user_handler.go:180.16,182.3 1 0
evoting/handlers/user_handler.go:184.2,190.42 3 0
evoting/handlers/user_handler.go:193.58,196.16 3 0
evoting/handlers/user_handler.go:196.16,198.3 1 0
evoting/handlers/user_handler.go:200.2,200.49 1 0
evoting/handlers/user_handler.go:200.49,202.3 1 0
evoting/handlers/user_handler.go:203.2,208.42 2 0
evoting/handlers/user_handler.go:211.54,213.16 2 0
evoting/handlers/user_handler.go:213.16,215.3 1 0
evoting/handlers/user_handler.go:216.2,216.55 1 0
evoting/handlers/user_handler.go:216.55,218.3 1 0
evoting/handlers/user_handler.go:219.2,232.42 3 0
evoting/handlers/vote_handler.go:17.64,19.2 1 0
evoting/handlers/vote_handler.go:21.70,23.16 2 0
evoting/handlers/vote_handler.go:23.16,25.3 1 0
evoting/handlers/vote_handler.go:27.2,40.42 3 0
evoting/handlers/vote_handler.go:43.58,45.43 2 0
evoting/handlers/vote_handler.go:45.43,47.3 1 0
evoting/handlers/vote_handler.go:48.2,48.57 1 0
evoting/handlers/vote_handler.go:48.57,55.3 1 0
evoting/handlers/vote_handler.go:56.2,59.16 4 0
evoting/handlers/vote_handler.go:59.16,61.3 1 0
evoting/handlers/vote_handler.go:62.2,68.47 3 0
evoting/handlers/weather_data_handler.go:17.85,19.2 1 0
evoting/handlers/weather_data_handler.go:21.61,23.43 2 0
evoting/handlers/weather_data_handler.go:23.43,25.3 1 0
evoting/handlers/weather_data_handler.go:26.2,27.16 2 0
evoting/handlers/weather_data_handler.go:27.16,29.3 1 0
evoting/handlers/weather_data_handler.go:30.2,31.16 2 0
evoting/handlers/weather_data_handler.go:31.16,33.3 1 0
evoting/handlers/weather_data_handler.go:35.2,42.47 3 0
evoting/handlers/weather_data_handler.go:45.61,48.16 3 0
evoting/handlers/weather_data_handler.go:48.16,50.3 1 0
evoting/handlers/weather_data_handler.go:51.2,52.16 2 0
evoting/handlers/weather_data_handler.go:52.16,54.3 1 0
evoting/handlers/weather_data_handler.go:55.2,56.16 2 0
evoting/handlers/weather_data_handler.go:56.16,58.3 1 0
evoting/handlers/weather_data_handler.go:60.2,68.42 3 0
evoting/handlers/weather_data_handler.go:71.61,74.16 3 0
evoting/handlers/weather_data_handler.go:74.16,76.3 1 0
evoting/handlers/weather_data_handler.go:77.2,77.50 1 0
evoting/handlers/weather_data_handler.go:77.50,79.3 1 0
evoting/handlers/weather_data_handler.go:80.2,85.42 2 0
evoting/routers/auth_router.go:11.36,20.2 6 0
evoting/routers/auth_router.go:22.37,29.2 5 0
evoting/routers/setup_router.go:9.32,11.2 2 0
evoting/routers/setup_router.go:11.2,29.3 12 0
evoting/routers/setup_router.go:31.2,32.2 2 0
evoting/routers/setup_router.go:32.2,48.3 10 0
evoting/routers/admin/place_address_router.go:12.40,21.2 8 0
evoting/routers/admin/place_router.go:12.33,23.2 10 0
evoting/routers/admin/user_router.go:12.32,23.2 10 0
evoting/routers/admin/weather_router.go:12.35,21.2 8 0
evoting/routers/user/chatbot_router.go:12.35,20.2 6 0
evoting/routers/user/comment_router.go:12.35,21.2 8 0
evoting/routers/user/place_router.go:12.33,19.2 6 0
evoting/routers/user/user_address_router.go:12.39,28.2 12 0
evoting/routers/user/vote_router.go:12.32,19.2 6 0
evoting/usecases/admin_usecase.go:19.77,21.2 1 0
evoting/usecases/admin_usecase.go:23.96,25.16 2 0
evoting/usecases/admin_usecase.go:25.16,27.3 1 0
evoting/usecases/admin_usecase.go:28.2,28.81 1 0
evoting/usecases/admin_usecase.go:28.81,30.3 1 0
evoting/usecases/admin_usecase.go:32.2,33.16 2 0
evoting/usecases/admin_usecase.go:33.16,35.3 1 0
evoting/usecases/admin_usecase.go:36.2,37.16 2 0
evoting/usecases/admin_usecase.go:37.16,39.3 1 0
evoting/usecases/admin_usecase.go:41.2,42.62 2 0
evoting/usecases/admin_usecase.go:42.62,44.3 1 0
evoting/usecases/admin_usecase.go:45.2,52.22 2 0
evoting/usecases/admin_usecase.go:55.52,57.16 2 0
evoting/usecases/admin_usecase.go:57.16,59.3 1 0
evoting/usecases/admin_usecase.go:61.2,62.61 2 0
evoting/usecases/admin_usecase.go:62.61,64.3 1 0
evoting/usecases/admin_usecase.go:66.2,66.12 1 0
evoting/usecases/chatbot_usecase.go:20.42,22.2 1 0
evoting/usecases/chatbot_usecase.go:24.135,30.35 5 0
evoting/usecases/chatbot_usecase.go:30.35,32.3 1 0
evoting/usecases/chatbot_usecase.go:33.2,38.16 5 0
evoting/usecases/chatbot_usecase.go:38.16,40.3 1 0
evoting/usecases/chatbot_usecase.go:41.2,45.16 4 0
evoting/usecases/chatbot_usecase.go:45.16,47.3 1 0
evoting/usecases/chatbot_usecase.go:48.2,51.16 3 0
evoting/usecases/chatbot_usecase.go:51.16,53.3 1 0
evoting/usecases/chatbot_usecase.go:55.2,56.58 2 0
evoting/usecases/chatbot_usecase.go:56.58,58.3 1 0
evoting/usecases/chatbot_usecase.go:60.2,60.33 1 0
evoting/usecases/chatbot_usecase.go:60.33,62.3 1 0
evoting/usecases/chatbot_usecase.go:64.2,64.47 1 0
evoting/usecases/comment_usecase.go:22.83,24.2 1 0
evoting/usecases/comment_usecase.go:26.127,35.16 3 0
evoting/usecases/comment_usecase.go:35.16,37.3 1 0
evoting/usecases/comment_usecase.go:38.2,38.24 1 0
evoting/usecases/comment_usecase.go:40.115,42.16 2 0
evoting/usecases/comment_usecase.go:42.16,44.3 1 0
evoting/usecases/comment_usecase.go:45.2,46.16 2 0
evoting/usecases/comment_usecase.go:46.16,48.3 1 0
evoting/usecases/comment_usecase.go:50.2,50.35 1 0
evoting/usecases/comment_usecase.go:53.78,55.16 2 0
evoting/usecases/comment_usecase.go:55.16,57.3 1 0
evoting/usecases/comment_usecase.go:58.2,58.32 1 0
evoting/usecases/comment_usecase.go:58.32,60.3 1 0
evoting/usecases/comment_usecase.go:62.2,62.30 1 0
evoting/usecases/comment_usecase.go:62.30,64.3 1 0
evoting/usecases/comment_usecase.go:65.2,65.54 1 0
evoting/usecases/comment_usecase.go:65.54,67.3 1 0
evoting/usecases/comment_usecase.go:68.2,68.12 1 0
evoting/usecases/comment_usecase.go:71.128,73.16 2 0
evoting/usecases/comment_usecase.go:73.16,75.3 1 0
evoting/usecases/comment_usecase.go:76.2,76.32 1 0
evoting/usecases/comment_usecase.go:76.32,78.3 1 0
evoting/usecases/comment_usecase.go:80.2,80.30 1 0
evoting/usecases/comment_usecase.go:80.30,82.3 1 0
evoting/usecases/comment_usecase.go:83.2,86.16 3 0
evoting/usecases/comment_usecase.go:86.16,88.3 1 0
evoting/usecases/comment_usecase.go:89.2,89.20 1 0
evoting/usecases/place_address_usecase.go:21.98,23.2 1 0
evoting/usecases/place_address_usecase.go:25.124,37.16 3 0
evoting/usecases/place_address_usecase.go:37.16,39.3 1 0
evoting/usecases/place_address_usecase.go:40.2,40.24 1 0
evoting/usecases/place_address_usecase.go:43.128,45.16 2 0
evoting/usecases/place_address_usecase.go:45.16,47.3 1 0
evoting/usecases/place_address_usecase.go:48.2,48.32 1 0
evoting/usecases/place_address_usecase.go:48.32,50.3 1 0
evoting/usecases/place_address_usecase.go:51.2,58.16 7 0
evoting/usecases/place_address_usecase.go:58.16,60.3 1 0
evoting/usecases/place_address_usecase.go:61.2,61.27 1 0
evoting/usecases/place_address_usecase.go:64.68,66.50 2 0
evoting/usecases/place_address_usecase.go:66.50,68.3 1 0
evoting/usecases/place_address_usecase.go:69.2,69.16 1 0
evoting/usecases/place_address_usecase.go:69.16,71.3 1 0
evoting/usecases/place_address_usecase.go:72.2,72.54 1 0
evoting/usecases/place_address_usecase.go:72.54,74.3 1 0
evoting/usecases/place_address_usecase.go:75.2,75.12 1 0
evoting/usecases/place_usecase.go:27.69,29.2 1 0
evoting/usecases/place_usecase.go:31.123,33.16 2 0
evoting/usecases/place_usecase.go:33.16,35.3 1 0
evoting/usecases/place_usecase.go:36.2,36.27 1 0
evoting/usecases/place_usecase.go:39.73,41.16 2 0
evoting/usecases/place_usecase.go:41.16,43.3 1 0
evoting/usecases/place_usecase.go:44.2,44.19 1 0
evoting/usecases/place_usecase.go:47.84,50.82 2 0
evoting/usecases/place_usecase.go:50.82,52.3 1 0
evoting/usecases/place_usecase.go:53.2,63.16 4 0
evoting/usecases/place_usecase.go:63.16,65.3 1 0
evoting/usecases/place_usecase.go:66.2,66.22 1 0
evoting/usecases/place_usecase.go:69.101,79.16 3 0
evoting/usecases/place_usecase.go:79.16,81.3 1 0
evoting/usecases/place_usecase.go:82.2,82.24 1 0
evoting/usecases/place_usecase.go:85.98,87.16 2 0
evoting/usecases/place_usecase.go:87.16,89.3 1 0
evoting/usecases/place_usecase.go:91.2,91.66 1 0
evoting/usecases/place_usecase.go:91.66,94.83 2 0
evoting/usecases/place_usecase.go:94.83,96.4 1 0
evoting/usecases/place_usecase.go:98.2,99.27 2 0
evoting/usecases/place_usecase.go:99.27,100.62 1 0
evoting/usecases/place_usecase.go:100.62,102.4 1 0
evoting/usecases/place_usecase.go:103.3,103.52 1 0
evoting/usecases/place_usecase.go:105.2,112.16 7 0
evoting/usecases/place_usecase.go:112.16,114.3 1 0
evoting/usecases/place_usecase.go:115.2,115.25 1 0
evoting/usecases/place_usecase.go:118.52,120.16 2 0
evoting/usecases/place_usecase.go:120.16,122.3 1 0
evoting/usecases/place_usecase.go:123.2,123.27 1 0
evoting/usecases/place_usecase.go:123.27,124.62 1 0
evoting/usecases/place_usecase.go:124.62,126.4 1 0
evoting/usecases/place_usecase.go:128.2,128.52 1 0
evoting/usecases/place_usecase.go:128.52,130.3 1 0
evoting/usecases/place_usecase.go:132.2,132.12 1 0
evoting/usecases/place_usecase.go:135.101,137.16 2 0
evoting/usecases/place_usecase.go:137.16,139.3 1 0
evoting/usecases/place_usecase.go:141.2,147.16 6 0
evoting/usecases/place_usecase.go:147.16,149.3 1 0
evoting/usecases/place_usecase.go:150.2,150.27 1 0
evoting/usecases/user_address_usecase.go:23.85,25.2 1 0
evoting/usecases/user_address_usecase.go:27.76,30.16 2 0
evoting/usecases/user_address_usecase.go:30.16,32.3 1 0
evoting/usecases/user_address_usecase.go:33.2,33.18 1 0
evoting/usecases/user_address_usecase.go:36.97,38.25 2 0
evoting/usecases/user_address_usecase.go:38.25,40.3 1 0
evoting/usecases/user_address_usecase.go:42.2,53.16 3 0
evoting/usecases/user_address_usecase.go:53.16,55.3 1 0
evoting/usecases/user_address_usecase.go:56.2,56.24 1 0
evoting/usecases/user_address_usecase.go:59.82,61.16 2 0
evoting/usecases/user_address_usecase.go:61.16,63.3 1 0
evoting/usecases/user_address_usecase.go:64.2,64.18 1 0
evoting/usecases/user_address_usecase.go:67.101,69.16 2 0
evoting/usecases/user_address_usecase.go:69.16,71.3 1 0
evoting/usecases/user_address_usecase.go:72.2,79.16 7 0
evoting/usecases/user_address_usecase.go:79.16,81.3 1 0
evoting/usecases/user_address_usecase.go:83.2,83.24 1 0
evoting/usecases/user_address_usecase.go:86.51,88.16 2 0
evoting/usecases/user_address_usecase.go:88.16,90.3 1 0
evoting/usecases/user_address_usecase.go:91.2,91.61 1 0
evoting/usecases/user_address_usecase.go:91.61,93.3 1 0
evoting/usecases/user_address_usecase.go:94.2,94.12 1 0
evoting/usecases/user_usecase.go:26.74,28.2 1 0
evoting/usecases/user_usecase.go:30.83,32.25 2 0
evoting/usecases/user_usecase.go:32.25,34.3 1 0
evoting/usecases/user_usecase.go:36.2,37.16 2 0
evoting/usecases/user_usecase.go:37.16,39.3 1 0
evoting/usecases/user_usecase.go:41.2,48.16 3 0
evoting/usecases/user_usecase.go:48.16,50.3 1 0
evoting/usecases/user_usecase.go:51.2,51.21 1 0
evoting/usecases/user_usecase.go:54.85,56.16 2 0
evoting/usecases/user_usecase.go:56.16,58.3 1 0
evoting/usecases/user_usecase.go:59.2,59.80 1 0
evoting/usecases/user_usecase.go:59.80,61.3 1 0
evoting/usecases/user_usecase.go:63.2,64.16 2 0
evoting/usecases/user_usecase.go:64.16,66.3 1 0
evoting/usecases/user_usecase.go:67.2,68.16 2 0
evoting/usecases/user_usecase.go:68.16,70.3 1 0
evoting/usecases/user_usecase.go:72.2,73.61 2 0
evoting/usecases/user_usecase.go:73.61,75.3 1 0
evoting/usecases/user_usecase.go:76.2,83.22 2 0
evoting/usecases/user_usecase.go:86.71,88.16 2 0
evoting/usecases/user_usecase.go:88.16,90.3 1 0
evoting/usecases/user_usecase.go:91.2,91.18 1 0
evoting/usecases/user_usecase.go:94.121,96.16 2 0
evoting/usecases/user_usecase.go:96.16,98.3 1 0
evoting/usecases/user_usecase.go:99.2,99.26 1 0
evoting/usecases/user_usecase.go:102.97,104.16 2 0
evoting/usecases/user_usecase.go:104.16,106.3 1 0
evoting/usecases/user_usecase.go:107.2,107.33 1 0
evoting/usecases/user_usecase.go:107.33,109.26 2 0
evoting/usecases/user_usecase.go:109.26,111.4 1 0
evoting/usecases/user_usecase.go:114.2,118.16 4 0
evoting/usecases/user_usecase.go:118.16,120.3 1 0
evoting/usecases/user_usecase.go:121.2,123.26 2 0
evoting/usecases/user_usecase.go:123.26,124.71 1 0
evoting/usecases/user_usecase.go:124.71,126.4 1 0
evoting/usecases/user_usecase.go:128.3,128.61 1 0
evoting/usecases/user_usecase.go:128.61,130.4 1 0
evoting/usecases/user_usecase.go:131.3,131.24 1 0
evoting/usecases/user_usecase.go:131.24,132.59 1 0
evoting/usecases/user_usecase.go:132.59,134.5 1 0
evoting/usecases/user_usecase.go:136.3,137.17 2 0
evoting/usecases/user_usecase.go:137.17,139.4 1 0
evoting/usecases/user_usecase.go:140.3,140.25 1 0
evoting/usecases/user_usecase.go:143.2,144.16 2 0
evoting/usecases/user_usecase.go:144.16,146.3 1 0
evoting/usecases/user_usecase.go:147.2,147.24 1 0
evoting/usecases/user_usecase.go:150.51,152.16 2 0
evoting/usecases/user_usecase.go:152.16,154.3 1 0
evoting/usecases/user_usecase.go:155.2,155.23 1 0
evoting/usecases/user_usecase.go:155.23,156.58 1 0
evoting/usecases/user_usecase.go:156.58,158.4 1 0
evoting/usecases/user_usecase.go:160.2,160.51 1 0
evoting/usecases/user_usecase.go:160.51,162.3 1 0
evoting/usecases/user_usecase.go:163.2,163.12 1 0
evoting/usecases/user_usecase.go:166.51,168.16 2 0
evoting/usecases/user_usecase.go:168.16,170.3 1 0
evoting/usecases/user_usecase.go:172.2,173.61 2 0
evoting/usecases/user_usecase.go:173.61,175.3 1 0
evoting/usecases/user_usecase.go:177.2,177.12 1 0
evoting/usecases/vote_usecase.go:20.74,22.2 1 0
evoting/usecases/vote_usecase.go:24.97,26.16 2 0
evoting/usecases/vote_usecase.go:26.16,28.3 1 0
evoting/usecases/vote_usecase.go:29.2,30.16 2 0
evoting/usecases/vote_usecase.go:30.16,32.3 1 0
evoting/usecases/vote_usecase.go:33.2,34.16 2 0
evoting/usecases/vote_usecase.go:34.16,36.3 1 0
evoting/usecases/vote_usecase.go:38.2,38.53 1 0
evoting/usecases/vote_usecase.go:41.99,43.17 2 0
evoting/usecases/vote_usecase.go:43.17,45.3 1 0
evoting/usecases/vote_usecase.go:46.2,53.16 3 0
evoting/usecases/vote_usecase.go:53.16,55.3 1 0
evoting/usecases/vote_usecase.go:56.2,56.21 1 0
evoting/usecases/weather_data_usecase.go:24.95,26.2 1 0
evoting/usecases/weather_data_usecase.go:28.84,30.16 2 0
evoting/usecases/weather_data_usecase.go:30.16,32.3 1 0
evoting/usecases/weather_data_usecase.go:33.2,33.19 1 0
evoting/usecases/weather_data_usecase.go:36.102,38.16 2 0
evoting/usecases/weather_data_usecase.go:38.16,40.3 1 0
evoting/usecases/weather_data_usecase.go:41.2,42.28 2 0
evoting/usecases/weather_data_usecase.go:42.28,44.3 1 0
evoting/usecases/weather_data_usecase.go:46.2,47.16 2 0
evoting/usecases/weather_data_usecase.go:47.16,49.3 1 0
evoting/usecases/weather_data_usecase.go:51.2,62.16 3 0
evoting/usecases/weather_data_usecase.go:62.16,64.3 1 0
evoting/usecases/weather_data_usecase.go:66.2,66.28 1 0
evoting/usecases/weather_data_usecase.go:70.88,72.16 2 0
evoting/usecases/weather_data_usecase.go:72.16,74.3 1 0
evoting/usecases/weather_data_usecase.go:76.2,77.16 2 0
evoting/usecases/weather_data_usecase.go:77.16,79.3 1 0
evoting/usecases/weather_data_usecase.go:81.2,82.16 2 0
evoting/usecases/weather_data_usecase.go:82.16,84.3 1 0
evoting/usecases/weather_data_usecase.go:86.2,86.18 1 0
evoting/usecases/weather_data_usecase.go:86.18,88.3 1 0
evoting/usecases/weather_data_usecase.go:90.2,97.16 7 0
evoting/usecases/weather_data_usecase.go:97.16,99.3 1 0
evoting/usecases/weather_data_usecase.go:101.2,101.28 1 0
evoting/usecases/weather_data_usecase.go:104.63,106.16 2 0
evoting/usecases/weather_data_usecase.go:106.16,108.3 1 0
evoting/usecases/weather_data_usecase.go:109.2,109.54 1 0
evoting/usecases/weather_data_usecase.go:109.54,111.3 1 0
evoting/usecases/weather_data_usecase.go:112.2,112.12 1 0
evoting/schedulers/weather_cron.go:13.23,15.16 2 0
evoting/schedulers/weather_cron.go:15.16,17.3 1 0
evoting/schedulers/weather_cron.go:18.2,20.19 3 0
evoting/schedulers/weather_cron.go:23.24,31.16 6 0
evoting/schedulers/weather_cron.go:31.16,34.3 2 0
evoting/schedulers/weather_cron.go:35.2,35.35 1 0
evoting/schedulers/weather_cron.go:35.35,37.17 2 0
evoting/schedulers/weather_cron.go:37.17,39.12 2 0
evoting/schedulers/weather_cron.go:44.2,44.61 1 0
evoting/drivers/mocks/admin_mock.go:12.82,14.24 2 1
evoting/drivers/mocks/admin_mock.go:14.24,16.3 1 1
evoting/drivers/mocks/admin_mock.go:17.2,17.43 1 1
evoting/drivers/mocks/admin_mock.go:20.77,22.24 2 1
evoting/drivers/mocks/admin_mock.go:22.24,24.3 1 1
evoting/drivers/mocks/admin_mock.go:25.2,25.22 1 1
evoting/drivers/mocks/admin_mock.go:28.92,30.24 2 1
evoting/drivers/mocks/admin_mock.go:30.24,32.3 1 1
evoting/drivers/mocks/admin_mock.go:33.2,33.43 1 1
evoting/drivers/mocks/auth_mock.go:13.80,15.24 2 1
evoting/drivers/mocks/auth_mock.go:15.24,17.3 1 1
evoting/drivers/mocks/auth_mock.go:18.2,18.42 1 1
evoting/drivers/mocks/auth_mock.go:21.77,23.24 2 1
evoting/drivers/mocks/auth_mock.go:23.24,25.3 1 1
evoting/drivers/mocks/auth_mock.go:26.2,26.42 1 1
evoting/drivers/mocks/auth_mock.go:30.127,32.24 2 1
evoting/drivers/mocks/auth_mock.go:32.24,34.3 1 1
evoting/drivers/mocks/auth_mock.go:35.2,35.66 1 1
evoting/drivers/mocks/auth_mock.go:39.82,41.24 2 1
evoting/drivers/mocks/auth_mock.go:41.24,43.3 1 1
evoting/drivers/mocks/auth_mock.go:44.2,44.42 1 1
evoting/drivers/mocks/auth_mock.go:48.74,50.24 2 1
evoting/drivers/mocks/auth_mock.go:50.24,52.3 1 1
evoting/drivers/mocks/auth_mock.go:53.2,53.22 1 0
evoting/drivers/mocks/auth_mock.go:57.82,59.24 2 1
evoting/drivers/mocks/auth_mock.go:59.24,61.3 1 1
evoting/drivers/mocks/auth_mock.go:62.2,62.42 1 1
evoting/drivers/mocks/auth_mock.go:66.64,68.24 2 1
evoting/drivers/mocks/auth_mock.go:68.24,70.3 1 1
evoting/drivers/mocks/auth_mock.go:71.2,71.22 1 1
evoting/drivers/mocks/auth_mock.go:75.90,77.24 2 1
evoting/drivers/mocks/auth_mock.go:77.24,79.3 1 1
evoting/drivers/mocks/auth_mock.go:80.2,80.42 1 1
evoting/drivers/mocks/comment_mock.go:14.82,16.24 2 1
evoting/drivers/mocks/comment_mock.go:16.24,18.3 1 1
evoting/drivers/mocks/comment_mock.go:19.2,19.45 1 1
evoting/drivers/mocks/comment_mock.go:22.89,24.24 2 1
evoting/drivers/mocks/comment_mock.go:24.24,26.3 1 1
evoting/drivers/mocks/comment_mock.go:27.2,27.46 1 1
evoting/drivers/mocks/comment_mock.go:30.88,32.24 2 1
evoting/drivers/mocks/comment_mock.go:32.24,34.3 1 1
evoting/drivers/mocks/comment_mock.go:35.2,35.46 1 1
evoting/drivers/mocks/comment_mock.go:38.93,40.24 2 1
evoting/drivers/mocks/comment_mock.go:40.24,42.3 1 1
evoting/drivers/mocks/comment_mock.go:43.2,43.45 1 1
evoting/drivers/mocks/comment_mock.go:46.93,48.24 2 1
evoting/drivers/mocks/comment_mock.go:48.24,50.3 1 0
evoting/drivers/mocks/comment_mock.go:51.2,51.45 1 1
evoting/drivers/mocks/comment_mock.go:54.72,56.24 2 1
evoting/drivers/mocks/comment_mock.go:56.24,58.3 1 1
evoting/drivers/mocks/comment_mock.go:59.2,59.22 1 0
evoting/drivers/mocks/place_address_mock.go:13.92,15.24 2 1
evoting/drivers/mocks/place_address_mock.go:15.24,17.3 1 1
evoting/drivers/mocks/place_address_mock.go:18.2,18.50 1 1
evoting/drivers/mocks/place_address_mock.go:21.108,23.24 2 1
evoting/drivers/mocks/place_address_mock.go:23.24,25.3 1 1
evoting/drivers/mocks/place_address_mock.go:26.2,26.50 1 1
evoting/drivers/mocks/place_address_mock.go:29.108,31.24 2 1
evoting/drivers/mocks/place_address_mock.go:31.24,33.3 1 0
evoting/drivers/mocks/place_address_mock.go:34.2,34.50 1 1
evoting/drivers/mocks/place_address_mock.go:37.82,39.24 2 1
evoting/drivers/mocks/place_address_mock.go:39.24,41.3 1 1
evoting/drivers/mocks/place_address_mock.go:42.2,42.22 1 0
evoting/dto/admin_dto.go:17.74,23.2 1 0
evoting/dto/comment_dto.go:42.74,49.2 1 0
evoting/dto/place_address_dto.go:35.83,44.2 1 0
evoting/dto/place_dto.go:37.92,53.2 1 0
evoting/dto/place_dto.go:55.64,78.2 1 0
evoting/dto/place_dto.go:80.81,82.32 2 0
evoting/dto/place_dto.go:82.32,107.3 2 0
evoting/dto/place_dto.go:108.2,108.19 1 0
evoting/dto/user_address_dto.go:34.86,43.2 1 0
evoting/dto/user_dto.go:56.60,62.2 1 0
evoting/dto/user_dto.go:64.58,70.2 1 0
evoting/dto/user_dto.go:71.67,73.30 2 0
evoting/dto/user_dto.go:73.30,88.3 2 0
evoting/dto/user_dto.go:89.2,89.19 1 0
evoting/dto/user_dto.go:92.59,106.2 1 0
evoting/dto/vote_dto.go:34.56,39.2 1 0
evoting/dto/weather_data_dto.go:35.100,51.2 1 0
evoting/errorHandlers/error_handler.go:10.51,12.20 2 0
evoting/errorHandlers/error_handler.go:13.24,14.37 1 0
evoting/errorHandlers/error_handler.go:15.28,16.46 1 0
evoting/errorHandlers/error_handler.go:17.22,18.35 1 0
evoting/errorHandlers/error_handler.go:19.26,20.39 1 0
evoting/errorHandlers/error_handler.go:21.23,22.36 1 0
evoting/errorHandlers/error_handler.go:23.10,24.46 1 0
evoting/errorHandlers/error_handler.go:27.2,32.37 2 0
evoting/errorHandlers/types.go:22.44,24.2 1 1
evoting/errorHandlers/types.go:26.48,28.2 1 1
evoting/errorHandlers/types.go:30.42,32.2 1 0
evoting/errorHandlers/types.go:34.46,36.2 1 1
evoting/errorHandlers/types.go:37.43,39.2 1 0
evoting/helpers/image.go:14.41,21.16 6 0
evoting/helpers/image.go:21.16,23.3 1 0
evoting/helpers/image.go:24.2,28.16 3 0
evoting/helpers/image.go:28.16,30.3 1 0
evoting/helpers/image.go:32.2,32.12 1 0
evoting/helpers/image.go:36.77,39.16 3 0
evoting/helpers/image.go:39.16,41.3 1 0
evoting/helpers/image.go:43.2,44.26 2 0
evoting/helpers/image.go:45.28,47.17 2 0
evoting/helpers/image.go:47.17,49.4 1 0
evoting/helpers/image.go:50.3,59.17 3 0
evoting/helpers/image.go:59.17,61.4 1 0
evoting/helpers/image.go:62.10,70.17 2 0
evoting/helpers/image.go:70.17,72.4 1 0
evoting/helpers/image.go:75.2,75.36 1 0
evoting/helpers/password.go:5.51,8.2 2 1
evoting/helpers/password.go:10.61,13.2 2 1
evoting/helpers/place.go:30.13,32.2 1 1
evoting/helpers/place.go:34.105,41.16 6 0
evoting/helpers/place.go:41.16,43.3 1 0
evoting/helpers/place.go:44.2,47.69 3 0
evoting/helpers/place.go:47.69,49.3 1 0
evoting/helpers/place.go:51.2,64.55 2 0
evoting/helpers/place.go:64.55,65.65 1 0
evoting/helpers/place.go:65.65,67.9 2 0
evoting/helpers/place.go:71.2,71.16 1 0
evoting/helpers/place.go:71.16,72.84 1 0
evoting/helpers/place.go:72.84,74.4 1 0
evoting/helpers/place.go:74.9,76.4 1 0
evoting/helpers/place.go:79.2,89.28 3 0
evoting/helpers/place.go:92.60,100.16 7 0
evoting/helpers/place.go:100.16,102.3 1 0
evoting/helpers/place.go:103.2,105.16 3 0
evoting/helpers/place.go:105.16,107.3 1 0
evoting/helpers/place.go:108.2,108.14 1 0
evoting/helpers/response.go:38.45,41.55 3 0
evoting/helpers/response.go:41.55,43.3 1 0
evoting/helpers/response.go:43.8,45.3 1 0
evoting/helpers/response.go:47.2,47.23 1 0
evoting/helpers/response.go:47.23,48.31 1 0
evoting/helpers/response.go:48.31,66.4 1 0
evoting/helpers/response.go:66.9,73.4 1 0
evoting/helpers/response.go:74.8,80.3 1 0
evoting/helpers/response.go:81.2,81.17 1 0
evoting/helpers/token.go:19.13,21.2 1 1
evoting/helpers/token.go:23.60,27.21 3 1
evoting/helpers/token.go:28.22,29.18 1 1
evoting/helpers/token.go:30.23,31.17 1 1
evoting/helpers/token.go:32.10,33.45 1 0
evoting/helpers/token.go:36.2,39.26 3 1
evoting/helpers/token.go:40.22,42.22 2 1
evoting/helpers/token.go:43.23,45.22 2 1
evoting/helpers/token.go:46.10,47.45 1 0
evoting/helpers/token.go:50.2,63.16 4 1
evoting/helpers/token.go:63.16,65.3 1 0
evoting/helpers/token.go:66.2,66.26 1 1
evoting/helpers/token.go:69.61,73.21 3 1
evoting/helpers/token.go:74.22,75.18 1 1
evoting/helpers/token.go:76.23,77.17 1 1
evoting/helpers/token.go:78.10,79.45 1 0
evoting/helpers/token.go:82.2,85.26 3 1
evoting/helpers/token.go:86.22,88.22 2 1
evoting/helpers/token.go:89.23,91.22 2 1
evoting/helpers/token.go:92.10,93.45 1 0
evoting/helpers/token.go:96.2,109.16 4 1
evoting/helpers/token.go:109.16,111.3 1 0
evoting/helpers/token.go:112.2,112.26 1 1
evoting/helpers/token.go:115.52,117.104 2 0
evoting/helpers/token.go:117.104,119.3 1 0
evoting/helpers/token.go:121.2,121.32 1 0
evoting/helpers/token.go:121.32,122.37 1 0
evoting/helpers/token.go:122.37,124.4 1 0
evoting/helpers/token.go:125.3,125.50 1 0
evoting/helpers/token.go:128.2,129.19 2 0
evoting/helpers/token.go:129.19,131.3 1 0
evoting/helpers/token.go:133.2,133.20 1 0
evoting/helpers/validation.go:15.59,16.26 1 0
evoting/helpers/validation.go:17.18,18.65 1 0
evoting/helpers/validation.go:19.16,20.70 1 0
evoting/helpers/validation.go:21.20,23.92 1 0
evoting/helpers/validation.go:24.13,25.95 1 0
evoting/helpers/validation.go:26.13,27.92 1 0
evoting/helpers/validation.go:28.13,29.96 1 0
evoting/helpers/validation.go:30.15,31.76 1 0
evoting/helpers/validation.go:32.21,33.71 1 0
evoting/helpers/validation.go:36.2,36.27 1 0
evoting/helpers/validation.go:38.62,46.16 3 1
evoting/helpers/validation.go:46.16,48.3 1 1
evoting/helpers/validation.go:49.2,53.16 4 0
evoting/helpers/validation.go:53.16,55.3 1 0
evoting/helpers/validation.go:57.2,58.42 2 0
evoting/helpers/validation.go:58.42,60.3 1 0
evoting/helpers/validation.go:62.2,62.13 1 0
evoting/helpers/validation.go:65.62,69.31 4 0
evoting/helpers/validation.go:69.31,71.3 1 0
evoting/helpers/validation.go:72.2,72.13 1 0
evoting/helpers/validation.go:75.51,78.45 2 0
evoting/helpers/validation.go:78.45,81.33 3 0
evoting/helpers/validation.go:81.33,83.4 1 0
evoting/helpers/validation.go:84.3,84.16 1 0
evoting/helpers/validation.go:86.2,86.12 1 0
evoting/helpers/weather.go:25.86,32.16 5 0
evoting/helpers/weather.go:32.16,34.3 1 0
evoting/helpers/weather.go:35.2,38.69 3 0
evoting/helpers/weather.go:38.69,40.3 1 0
evoting/helpers/weather.go:41.2,50.25 3 0
evoting/repositories/admin_repo.go:18.55,20.2 1 0
evoting/repositories/admin_repo.go:22.78,24.75 2 0
evoting/repositories/admin_repo.go:24.75,26.3 1 0
evoting/repositories/admin_repo.go:27.2,27.19 1 0
evoting/repositories/admin_repo.go:30.73,33.2 2 0
evoting/repositories/admin_repo.go:35.88,39.2 3 0
evoting/repositories/comment_repo.go:23.59,25.2 1 0
evoting/repositories/comment_repo.go:27.79,29.71 2 0
evoting/repositories/comment_repo.go:29.71,31.3 1 0
evoting/repositories/comment_repo.go:32.2,32.22 1 0
evoting/repositories/comment_repo.go:35.86,43.21 2 0
evoting/repositories/comment_repo.go:43.21,45.3 1 0
evoting/repositories/comment_repo.go:46.2,46.26 1 0
evoting/repositories/comment_repo.go:49.85,57.21 2 0
evoting/repositories/comment_repo.go:57.21,59.3 1 0
evoting/repositories/comment_repo.go:60.2,60.23 1 0
evoting/repositories/comment_repo.go:63.90,64.52 1 0
evoting/repositories/comment_repo.go:64.52,66.3 1 0
evoting/repositories/comment_repo.go:67.2,67.21 1 0
evoting/repositories/comment_repo.go:70.90,71.50 1 0
evoting/repositories/comment_repo.go:71.50,73.3 1 0
evoting/repositories/comment_repo.go:74.2,74.21 1 0
evoting/repositories/comment_repo.go:77.69,78.52 1 0
evoting/repositories/comment_repo.go:78.52,80.3 1 0
evoting/repositories/comment_repo.go:81.2,81.12 1 0
evoting/repositories/place_address_repo.go:20.69,22.2 1 0
evoting/repositories/place_address_repo.go:24.89,26.71 2 0
evoting/repositories/place_address_repo.go:26.71,28.3 1 0
evoting/repositories/place_address_repo.go:29.2,29.22 1 0
evoting/repositories/place_address_repo.go:32.105,33.52 1 0
evoting/repositories/place_address_repo.go:33.52,35.3 1 0
evoting/repositories/place_address_repo.go:36.2,36.21 1 0
evoting/repositories/place_address_repo.go:39.105,40.50 1 0
evoting/repositories/place_address_repo.go:40.50,42.3 1 0
evoting/repositories/place_address_repo.go:43.2,43.21 1 0
evoting/repositories/place_address_repo.go:46.79,47.63 1 0
evoting/repositories/place_address_repo.go:47.63,49.3 1 0
evoting/repositories/place_address_repo.go:50.2,50.12 1 0
evoting/repositories/place_repo.go:27.55,29.2 1 0
evoting/repositories/place_repo.go:31.82,32.50 1 0
evoting/repositories/place_repo.go:32.50,34.3 1 0
evoting/repositories/place_repo.go:35.2,35.19 1 0
evoting/repositories/place_repo.go:38.110,39.57 1 0
evoting/repositories/place_repo.go:39.57,41.3 1 0
evoting/repositories/place_repo.go:42.2,42.26 1 0
evoting/repositories/place_repo.go:45.125,50.18 5 0
evoting/repositories/place_repo.go:50.18,52.3 1 0
evoting/repositories/place_repo.go:53.2,53.23 1 0
evoting/repositories/place_repo.go:53.23,55.3 1 0
evoting/repositories/place_repo.go:57.2,60.21 1 0
evoting/repositories/place_repo.go:60.21,62.3 1 0
evoting/repositories/place_repo.go:63.2,63.47 1 0
evoting/repositories/place_repo.go:63.47,65.3 1 0
evoting/repositories/place_repo.go:66.2,66.29 1 0
evoting/repositories/place_repo.go:69.76,71.73 2 0
evoting/repositories/place_repo.go:71.73,73.3 1 0
evoting/repositories/place_repo.go:74.2,74.19 1 0
evoting/repositories/place_repo.go:77.63,78.61 1 0
evoting/repositories/place_repo.go:78.61,80.3 1 0
evoting/repositories/place_repo.go:81.2,81.12 1 0
evoting/repositories/place_repo.go:84.75,87.35 2 0
evoting/repositories/place_repo.go:87.35,89.3 1 0
evoting/repositories/place_repo.go:90.2,90.20 1 0
evoting/repositories/place_repo.go:93.85,95.82 2 0
evoting/repositories/place_repo.go:95.82,97.3 1 0
evoting/repositories/place_repo.go:98.2,98.27 1 0
evoting/repositories/place_repo.go:101.82,102.48 1 0
evoting/repositories/place_repo.go:102.48,104.3 1 0
evoting/repositories/place_repo.go:105.2,105.19 1 0
evoting/repositories/place_repo.go:108.110,109.55 1 0
evoting/repositories/place_repo.go:109.55,111.3 1 0
evoting/repositories/place_repo.go:112.2,112.26 1 0
evoting/repositories/user_address_repo.go:21.57,23.2 1 0
evoting/repositories/user_address_repo.go:25.75,27.87 2 0
evoting/repositories/user_address_repo.go:27.87,29.3 1 0
evoting/repositories/user_address_repo.go:30.2,30.19 1 0
evoting/repositories/user_address_repo.go:33.92,34.52 1 0
evoting/repositories/user_address_repo.go:34.52,36.3 1 0
evoting/repositories/user_address_repo.go:37.2,37.21 1 0
evoting/repositories/user_address_repo.go:40.81,42.76 2 0
evoting/repositories/user_address_repo.go:42.76,44.3 1 0
evoting/repositories/user_address_repo.go:45.2,45.21 1 0
evoting/repositories/user_address_repo.go:48.92,49.50 1 0
evoting/repositories/user_address_repo.go:49.50,51.3 1 0
evoting/repositories/user_address_repo.go:52.2,52.21 1 0
evoting/repositories/user_address_repo.go:55.67,56.63 1 0
evoting/repositories/user_address_repo.go:56.63,58.3 1 0
evoting/repositories/user_address_repo.go:59.2,59.12 1 0
evoting/repositories/user_repo.go:26.53,28.2 1 0
evoting/repositories/user_repo.go:30.76,32.74 2 0
evoting/repositories/user_repo.go:32.74,34.3 1 0
evoting/repositories/user_repo.go:35.2,35.18 1 0
evoting/repositories/user_repo.go:38.73,40.87 2 0
evoting/repositories/user_repo.go:40.87,42.3 1 0
evoting/repositories/user_repo.go:43.2,43.19 1 0
evoting/repositories/user_repo.go:46.123,51.18 5 0
evoting/repositories/user_repo.go:51.18,53.3 1 0
evoting/repositories/user_repo.go:54.2,54.23 1 0
evoting/repositories/user_repo.go:54.23,56.3 1 0
evoting/repositories/user_repo.go:58.2,61.21 1 0
evoting/repositories/user_repo.go:61.21,63.3 1 0
evoting/repositories/user_repo.go:64.2,64.47 1 0
evoting/repositories/user_repo.go:64.47,66.3 1 0
evoting/repositories/user_repo.go:67.2,67.27 1 0
evoting/repositories/user_repo.go:70.78,72.49 1 0
evoting/repositories/user_repo.go:72.49,74.3 1 0
evoting/repositories/user_repo.go:75.2,75.18 1 0
evoting/repositories/user_repo.go:78.70,81.2 2 0
evoting/repositories/user_repo.go:83.78,84.47 1 0
evoting/repositories/user_repo.go:84.47,86.3 1 0
evoting/repositories/user_repo.go:87.2,87.18 1 0
evoting/repositories/user_repo.go:91.60,92.49 1 0
evoting/repositories/user_repo.go:92.49,94.3 1 0
evoting/repositories/user_repo.go:95.2,95.12 1 0
evoting/repositories/user_repo.go:98.86,102.2 3 0
evoting/repositories/vote_repo.go:22.53,24.2 1 0
evoting/repositories/vote_repo.go:26.77,28.73 2 0
evoting/repositories/vote_repo.go:28.73,30.3 1 0
evoting/repositories/vote_repo.go:31.2,31.19 1 0
evoting/repositories/vote_repo.go:34.81,43.16 3 0
evoting/repositories/vote_repo.go:43.16,45.3 1 0
evoting/repositories/vote_repo.go:46.2,46.19 1 0
evoting/repositories/vote_repo.go:49.62,52.16 3 0
evoting/repositories/vote_repo.go:52.16,54.3 1 0
evoting/repositories/vote_repo.go:55.2,55.24 1 0
evoting/repositories/vote_repo.go:58.55,61.16 3 0
evoting/repositories/vote_repo.go:61.16,63.3 1 0
evoting/repositories/vote_repo.go:64.2,64.24 1 0
evoting/repositories/vote_repo.go:67.78,68.49 1 0
evoting/repositories/vote_repo.go:68.49,70.3 1 0
evoting/repositories/vote_repo.go:71.2,71.18 1 0
evoting/repositories/weather_data_repo.go:21.67,23.2 1 0
evoting/repositories/weather_data_repo.go:25.87,27.74 2 0
evoting/repositories/weather_data_repo.go:27.74,29.3 1 0
evoting/repositories/weather_data_repo.go:30.2,30.20 1 0
evoting/repositories/weather_data_repo.go:33.97,35.82 2 0
evoting/repositories/weather_data_repo.go:35.82,37.3 1 0
evoting/repositories/weather_data_repo.go:38.2,38.22 1 0
evoting/repositories/weather_data_repo.go:41.99,42.49 1 0
evoting/repositories/weather_data_repo.go:42.49,44.3 1 0
evoting/repositories/weather_data_repo.go:45.2,45.18 1 0
evoting/repositories/weather_data_repo.go:48.99,49.47 1 0
evoting/repositories/weather_data_repo.go:49.47,51.3 1 0
evoting/repositories/weather_data_repo.go:52.2,52.18 1 0
evoting/repositories/weather_data_repo.go:55.74,56.60 1 0
evoting/repositories/weather_data_repo.go:56.60,58.3 1 0
evoting/repositories/weather_data_repo.go:59.2,59.12 1 0
evoting/usecases/admin_usecase.go:19.77,21.2 1 1
evoting/usecases/admin_usecase.go:23.96,25.16 2 1
evoting/usecases/admin_usecase.go:25.16,27.3 1 1
evoting/usecases/admin_usecase.go:28.2,28.81 1 1
evoting/usecases/admin_usecase.go:28.81,30.3 1 1
evoting/usecases/admin_usecase.go:32.2,33.16 2 1
evoting/usecases/admin_usecase.go:33.16,35.3 1 0
evoting/usecases/admin_usecase.go:36.2,37.16 2 1
evoting/usecases/admin_usecase.go:37.16,39.3 1 0
evoting/usecases/admin_usecase.go:41.2,42.62 2 1
evoting/usecases/admin_usecase.go:42.62,44.3 1 0
evoting/usecases/admin_usecase.go:45.2,52.22 2 1
evoting/usecases/admin_usecase.go:55.52,57.16 2 1
evoting/usecases/admin_usecase.go:57.16,59.3 1 1
evoting/usecases/admin_usecase.go:61.2,62.61 2 1
evoting/usecases/admin_usecase.go:62.61,64.3 1 1
evoting/usecases/admin_usecase.go:66.2,66.12 1 1
evoting/usecases/chatbot_usecase.go:20.42,22.2 1 1
evoting/usecases/chatbot_usecase.go:24.135,30.35 5 1
evoting/usecases/chatbot_usecase.go:30.35,32.3 1 1
evoting/usecases/chatbot_usecase.go:33.2,38.16 5 1
evoting/usecases/chatbot_usecase.go:38.16,40.3 1 0
evoting/usecases/chatbot_usecase.go:41.2,45.16 4 1
evoting/usecases/chatbot_usecase.go:45.16,47.3 1 0
evoting/usecases/chatbot_usecase.go:48.2,51.16 3 1
evoting/usecases/chatbot_usecase.go:51.16,53.3 1 0
evoting/usecases/chatbot_usecase.go:55.2,56.58 2 1
evoting/usecases/chatbot_usecase.go:56.58,58.3 1 0
evoting/usecases/chatbot_usecase.go:60.2,60.33 1 1
evoting/usecases/chatbot_usecase.go:60.33,62.3 1 1
evoting/usecases/chatbot_usecase.go:64.2,64.47 1 0
evoting/usecases/comment_usecase.go:22.83,24.2 1 1
evoting/usecases/comment_usecase.go:26.127,35.16 3 1
evoting/usecases/comment_usecase.go:35.16,37.3 1 1
evoting/usecases/comment_usecase.go:38.2,38.24 1 1
evoting/usecases/comment_usecase.go:40.115,42.16 2 1
evoting/usecases/comment_usecase.go:42.16,44.3 1 0
evoting/usecases/comment_usecase.go:45.2,46.16 2 1
evoting/usecases/comment_usecase.go:46.16,48.3 1 1
evoting/usecases/comment_usecase.go:50.2,50.35 1 1
evoting/usecases/comment_usecase.go:53.78,55.16 2 1
evoting/usecases/comment_usecase.go:55.16,57.3 1 1
evoting/usecases/comment_usecase.go:58.2,58.32 1 1
evoting/usecases/comment_usecase.go:58.32,60.3 1 0
evoting/usecases/comment_usecase.go:62.2,62.30 1 1
evoting/usecases/comment_usecase.go:62.30,64.3 1 0
evoting/usecases/comment_usecase.go:65.2,65.54 1 1
evoting/usecases/comment_usecase.go:65.54,67.3 1 0
evoting/usecases/comment_usecase.go:68.2,68.12 1 1
evoting/usecases/comment_usecase.go:71.128,73.16 2 1
evoting/usecases/comment_usecase.go:73.16,75.3 1 1
evoting/usecases/comment_usecase.go:76.2,76.32 1 1
evoting/usecases/comment_usecase.go:76.32,78.3 1 0
evoting/usecases/comment_usecase.go:80.2,80.30 1 1
evoting/usecases/comment_usecase.go:80.30,82.3 1 0
evoting/usecases/comment_usecase.go:83.2,86.16 3 1
evoting/usecases/comment_usecase.go:86.16,88.3 1 0
evoting/usecases/comment_usecase.go:89.2,89.20 1 1
evoting/usecases/place_address_usecase.go:21.98,23.2 1 1
evoting/usecases/place_address_usecase.go:25.124,37.16 3 1
evoting/usecases/place_address_usecase.go:37.16,39.3 1 1
evoting/usecases/place_address_usecase.go:40.2,40.24 1 1
evoting/usecases/place_address_usecase.go:43.128,45.16 2 1
evoting/usecases/place_address_usecase.go:45.16,47.3 1 1
evoting/usecases/place_address_usecase.go:48.2,48.32 1 1
evoting/usecases/place_address_usecase.go:48.32,50.3 1 0
evoting/usecases/place_address_usecase.go:51.2,58.16 7 1
evoting/usecases/place_address_usecase.go:58.16,60.3 1 0
evoting/usecases/place_address_usecase.go:61.2,61.27 1 1
evoting/usecases/place_address_usecase.go:64.68,66.50 2 1
evoting/usecases/place_address_usecase.go:66.50,68.3 1 1
evoting/usecases/place_address_usecase.go:69.2,69.16 1 1
evoting/usecases/place_address_usecase.go:69.16,71.3 1 0
evoting/usecases/place_address_usecase.go:72.2,72.54 1 1
evoting/usecases/place_address_usecase.go:72.54,74.3 1 0
evoting/usecases/place_address_usecase.go:75.2,75.12 1 1
evoting/usecases/place_usecase.go:27.69,29.2 1 0
evoting/usecases/place_usecase.go:31.123,33.16 2 0
evoting/usecases/place_usecase.go:33.16,35.3 1 0
evoting/usecases/place_usecase.go:36.2,36.27 1 0
evoting/usecases/place_usecase.go:39.73,41.16 2 0
evoting/usecases/place_usecase.go:41.16,43.3 1 0
evoting/usecases/place_usecase.go:44.2,44.19 1 0
evoting/usecases/place_usecase.go:47.84,50.82 2 0
evoting/usecases/place_usecase.go:50.82,52.3 1 0
evoting/usecases/place_usecase.go:53.2,63.16 4 0
evoting/usecases/place_usecase.go:63.16,65.3 1 0
evoting/usecases/place_usecase.go:66.2,66.22 1 0
evoting/usecases/place_usecase.go:69.101,79.16 3 0
evoting/usecases/place_usecase.go:79.16,81.3 1 0
evoting/usecases/place_usecase.go:82.2,82.24 1 0
evoting/usecases/place_usecase.go:85.98,87.16 2 0
evoting/usecases/place_usecase.go:87.16,89.3 1 0
evoting/usecases/place_usecase.go:91.2,91.66 1 0
evoting/usecases/place_usecase.go:91.66,94.83 2 0
evoting/usecases/place_usecase.go:94.83,96.4 1 0
evoting/usecases/place_usecase.go:98.2,99.27 2 0
evoting/usecases/place_usecase.go:99.27,100.62 1 0
evoting/usecases/place_usecase.go:100.62,102.4 1 0
evoting/usecases/place_usecase.go:103.3,103.52 1 0
evoting/usecases/place_usecase.go:105.2,112.16 7 0
evoting/usecases/place_usecase.go:112.16,114.3 1 0
evoting/usecases/place_usecase.go:115.2,115.25 1 0
evoting/usecases/place_usecase.go:118.52,120.16 2 0
evoting/usecases/place_usecase.go:120.16,122.3 1 0
evoting/usecases/place_usecase.go:123.2,123.27 1 0
evoting/usecases/place_usecase.go:123.27,124.62 1 0
evoting/usecases/place_usecase.go:124.62,126.4 1 0
evoting/usecases/place_usecase.go:128.2,128.52 1 0
evoting/usecases/place_usecase.go:128.52,130.3 1 0
evoting/usecases/place_usecase.go:132.2,132.12 1 0
evoting/usecases/place_usecase.go:135.101,137.16 2 0
evoting/usecases/place_usecase.go:137.16,139.3 1 0
evoting/usecases/place_usecase.go:141.2,147.16 6 0
evoting/usecases/place_usecase.go:147.16,149.3 1 0
evoting/usecases/place_usecase.go:150.2,150.27 1 0
evoting/usecases/user_address_usecase.go:23.85,25.2 1 0
evoting/usecases/user_address_usecase.go:27.76,30.16 2 0
evoting/usecases/user_address_usecase.go:30.16,32.3 1 0
evoting/usecases/user_address_usecase.go:33.2,33.18 1 0
evoting/usecases/user_address_usecase.go:36.97,38.25 2 0
evoting/usecases/user_address_usecase.go:38.25,40.3 1 0
evoting/usecases/user_address_usecase.go:42.2,53.16 3 0
evoting/usecases/user_address_usecase.go:53.16,55.3 1 0
evoting/usecases/user_address_usecase.go:56.2,56.24 1 0
evoting/usecases/user_address_usecase.go:59.82,61.16 2 0
evoting/usecases/user_address_usecase.go:61.16,63.3 1 0
evoting/usecases/user_address_usecase.go:64.2,64.18 1 0
evoting/usecases/user_address_usecase.go:67.101,69.16 2 0
evoting/usecases/user_address_usecase.go:69.16,71.3 1 0
evoting/usecases/user_address_usecase.go:72.2,79.16 7 0
evoting/usecases/user_address_usecase.go:79.16,81.3 1 0
evoting/usecases/user_address_usecase.go:83.2,83.24 1 0
evoting/usecases/user_address_usecase.go:86.51,88.16 2 0
evoting/usecases/user_address_usecase.go:88.16,90.3 1 0
evoting/usecases/user_address_usecase.go:91.2,91.61 1 0
evoting/usecases/user_address_usecase.go:91.61,93.3 1 0
evoting/usecases/user_address_usecase.go:94.2,94.12 1 0
evoting/usecases/user_usecase.go:26.74,28.2 1 1
evoting/usecases/user_usecase.go:30.83,32.25 2 1
evoting/usecases/user_usecase.go:32.25,34.3 1 1
evoting/usecases/user_usecase.go:36.2,37.16 2 1
evoting/usecases/user_usecase.go:37.16,39.3 1 0
evoting/usecases/user_usecase.go:41.2,48.16 3 1
evoting/usecases/user_usecase.go:48.16,50.3 1 1
evoting/usecases/user_usecase.go:51.2,51.21 1 1
evoting/usecases/user_usecase.go:54.85,56.16 2 1
evoting/usecases/user_usecase.go:56.16,58.3 1 1
evoting/usecases/user_usecase.go:59.2,59.80 1 1
evoting/usecases/user_usecase.go:59.80,61.3 1 1
evoting/usecases/user_usecase.go:63.2,64.16 2 1
evoting/usecases/user_usecase.go:64.16,66.3 1 0
evoting/usecases/user_usecase.go:67.2,68.16 2 1
evoting/usecases/user_usecase.go:68.16,70.3 1 0
evoting/usecases/user_usecase.go:72.2,73.61 2 1
evoting/usecases/user_usecase.go:73.61,75.3 1 0
evoting/usecases/user_usecase.go:76.2,83.22 2 1
evoting/usecases/user_usecase.go:86.71,88.16 2 1
evoting/usecases/user_usecase.go:88.16,90.3 1 1
evoting/usecases/user_usecase.go:91.2,91.18 1 1
evoting/usecases/user_usecase.go:94.121,96.16 2 1
evoting/usecases/user_usecase.go:96.16,98.3 1 1
evoting/usecases/user_usecase.go:99.2,99.26 1 1
evoting/usecases/user_usecase.go:102.97,104.16 2 1
evoting/usecases/user_usecase.go:104.16,106.3 1 1
evoting/usecases/user_usecase.go:107.2,107.33 1 1
evoting/usecases/user_usecase.go:107.33,109.26 2 1
evoting/usecases/user_usecase.go:109.26,111.4 1 1
evoting/usecases/user_usecase.go:114.2,118.16 4 1
evoting/usecases/user_usecase.go:118.16,120.3 1 0
evoting/usecases/user_usecase.go:121.2,123.26 2 1
evoting/usecases/user_usecase.go:123.26,124.71 1 1
evoting/usecases/user_usecase.go:124.71,126.4 1 1
evoting/usecases/user_usecase.go:128.3,128.61 1 0
evoting/usecases/user_usecase.go:128.61,130.4 1 0
evoting/usecases/user_usecase.go:131.3,131.24 1 0
evoting/usecases/user_usecase.go:131.24,132.59 1 0
evoting/usecases/user_usecase.go:132.59,134.5 1 0
evoting/usecases/user_usecase.go:136.3,137.17 2 0
evoting/usecases/user_usecase.go:137.17,139.4 1 0
evoting/usecases/user_usecase.go:140.3,140.25 1 0
evoting/usecases/user_usecase.go:143.2,144.16 2 1
evoting/usecases/user_usecase.go:144.16,146.3 1 1
evoting/usecases/user_usecase.go:147.2,147.24 1 1
evoting/usecases/user_usecase.go:150.51,152.16 2 1
evoting/usecases/user_usecase.go:152.16,154.3 1 1
evoting/usecases/user_usecase.go:155.2,155.23 1 1
evoting/usecases/user_usecase.go:155.23,156.58 1 0
evoting/usecases/user_usecase.go:156.58,158.4 1 0
evoting/usecases/user_usecase.go:160.2,160.51 1 1
evoting/usecases/user_usecase.go:160.51,162.3 1 1
evoting/usecases/user_usecase.go:163.2,163.12 1 1
evoting/usecases/user_usecase.go:166.51,168.16 2 1
evoting/usecases/user_usecase.go:168.16,170.3 1 1
evoting/usecases/user_usecase.go:172.2,173.61 2 1
evoting/usecases/user_usecase.go:173.61,175.3 1 0
evoting/usecases/user_usecase.go:177.2,177.12 1 1
evoting/usecases/vote_usecase.go:20.74,22.2 1 0
evoting/usecases/vote_usecase.go:24.97,26.16 2 0
evoting/usecases/vote_usecase.go:26.16,28.3 1 0
evoting/usecases/vote_usecase.go:29.2,30.16 2 0
evoting/usecases/vote_usecase.go:30.16,32.3 1 0
evoting/usecases/vote_usecase.go:33.2,34.16 2 0
evoting/usecases/vote_usecase.go:34.16,36.3 1 0
evoting/usecases/vote_usecase.go:38.2,38.53 1 0
evoting/usecases/vote_usecase.go:41.99,43.17 2 0
evoting/usecases/vote_usecase.go:43.17,45.3 1 0
evoting/usecases/vote_usecase.go:46.2,53.16 3 0
evoting/usecases/vote_usecase.go:53.16,55.3 1 0
evoting/usecases/vote_usecase.go:56.2,56.21 1 0
evoting/usecases/weather_data_usecase.go:24.95,26.2 1 0
evoting/usecases/weather_data_usecase.go:28.84,30.16 2 0
evoting/usecases/weather_data_usecase.go:30.16,32.3 1 0
evoting/usecases/weather_data_usecase.go:33.2,33.19 1 0
evoting/usecases/weather_data_usecase.go:36.102,38.16 2 0
evoting/usecases/weather_data_usecase.go:38.16,40.3 1 0
evoting/usecases/weather_data_usecase.go:41.2,42.28 2 0
evoting/usecases/weather_data_usecase.go:42.28,44.3 1 0
evoting/usecases/weather_data_usecase.go:46.2,47.16 2 0
evoting/usecases/weather_data_usecase.go:47.16,49.3 1 0
evoting/usecases/weather_data_usecase.go:51.2,62.16 3 0
evoting/usecases/weather_data_usecase.go:62.16,64.3 1 0
evoting/usecases/weather_data_usecase.go:66.2,66.28 1 0
evoting/usecases/weather_data_usecase.go:70.88,72.16 2 0
evoting/usecases/weather_data_usecase.go:72.16,74.3 1 0
evoting/usecases/weather_data_usecase.go:76.2,77.16 2 0
evoting/usecases/weather_data_usecase.go:77.16,79.3 1 0
evoting/usecases/weather_data_usecase.go:81.2,82.16 2 0
evoting/usecases/weather_data_usecase.go:82.16,84.3 1 0
evoting/usecases/weather_data_usecase.go:86.2,86.18 1 0
evoting/usecases/weather_data_usecase.go:86.18,88.3 1 0
evoting/usecases/weather_data_usecase.go:90.2,97.16 7 0
evoting/usecases/weather_data_usecase.go:97.16,99.3 1 0
evoting/usecases/weather_data_usecase.go:101.2,101.28 1 0
evoting/usecases/weather_data_usecase.go:104.63,106.16 2 0
evoting/usecases/weather_data_usecase.go:106.16,108.3 1 0
evoting/usecases/weather_data_usecase.go:109.2,109.54 1 0
evoting/usecases/weather_data_usecase.go:109.54,111.3 1 0
evoting/usecases/weather_data_usecase.go:112.2,112.12 1 0
